This file contains any messages produced by compilers while
running configure, to aid debugging if configure makes a mistake.

It was created by Apertium English configure 0.1.0, which was
generated by GNU Autoconf 2.71.  Invocation command line was

  $ ./configure

## --------- ##
## Platform. ##
## --------- ##

hostname = himanshus-MacBook-Air.local
uname -m = arm64
uname -r = 21.3.0
uname -s = Darwin
uname -v = Darwin Kernel Version 21.3.0: Wed Jan  5 21:37:58 PST 2022; root:xnu-8019.80.24~20/RELEASE_ARM64_T8101

/usr/bin/uname -p = arm
/bin/uname -X     = unknown

/bin/arch              = unknown
/usr/bin/arch -k       = unknown
/usr/convex/getsysinfo = unknown
/usr/bin/hostinfo      = Mach kernel version:
	 Darwin Kernel Version 21.3.0: Wed Jan  5 21:37:58 PST 2022; root:xnu-8019.80.24~20/RELEASE_ARM64_T8101
Kernel configured for up to 8 processors.
8 processors are physically available.
8 processors are logically available.
Processor type: arm64e (ARM64E)
Processors active: 0 1 2 3 4 5 6 7
Primary memory available: 16.00 gigabytes
Default processor set: 442 tasks, 3110 threads, 8 processors
Load average: 6.68, Mach factor: 2.85
/bin/machine           = unknown
/usr/bin/oslevel       = unknown
/bin/universe          = unknown

PATH: /opt/homebrew/bin/
PATH: /opt/homebrew/sbin/
PATH: /opt/homebrew/anaconda3/condabin/
PATH: /opt/homebrew/bin/
PATH: /opt/homebrew/sbin/
PATH: /usr/local/bin/
PATH: /usr/bin/
PATH: /bin/
PATH: /usr/sbin/
PATH: /sbin/


## ----------- ##
## Core tests. ##
## ----------- ##

configure:1756: looking for aux files: missing install-sh
configure:1769:  trying ./
configure:1798:   ./missing found
configure:1780:   ./install-sh found
configure:1927: checking for a BSD-compatible install
configure:2000: result: /usr/bin/install -c
configure:2011: checking whether build environment is sane
configure:2066: result: yes
configure:2225: checking for a race-free mkdir -p
configure:2269: result: ./install-sh -c -d
configure:2276: checking for gawk
configure:2297: found /opt/homebrew/bin/gawk
configure:2308: result: gawk
configure:2319: checking whether make sets $(MAKE)
configure:2342: result: yes
configure:2372: checking whether make supports nested variables
configure:2390: result: yes
configure:2586: checking for pkg-config
configure:2609: found /opt/homebrew/bin/pkg-config
configure:2621: result: /opt/homebrew/bin/pkg-config
configure:2646: checking pkg-config is at least version 0.9.0
configure:2649: result: yes
configure:2659: checking for apertium >= 3.6.0
configure:2666: $PKG_CONFIG --exists --print-errors "apertium >= 3.6.0"
configure:2669: $? = 0
configure:2683: $PKG_CONFIG --exists --print-errors "apertium >= 3.6.0"
configure:2686: $? = 0
configure:2744: result: yes
configure:2750: checking for lttoolbox >= 3.5.0
configure:2757: $PKG_CONFIG --exists --print-errors "lttoolbox >= 3.5.0"
configure:2760: $? = 0
configure:2774: $PKG_CONFIG --exists --print-errors "lttoolbox >= 3.5.0"
configure:2777: $? = 0
configure:2835: result: yes
configure:2841: checking for cg3 >= 1.3.0
configure:2848: $PKG_CONFIG --exists --print-errors "cg3 >= 1.3.0"
configure:2851: $? = 0
configure:2865: $PKG_CONFIG --exists --print-errors "cg3 >= 1.3.0"
configure:2868: $? = 0
configure:2926: result: yes
configure:2933: checking for apertium-regtest >= 0.0.1
configure:2940: $PKG_CONFIG --exists --print-errors "apertium-regtest >= 0.0.1"
configure:2943: $? = 0
configure:2957: $PKG_CONFIG --exists --print-errors "apertium-regtest >= 0.0.1"
configure:2960: $? = 0
configure:3000: result: yes
configure:3245: checking that generated files are newer than configure
configure:3251: result: done
configure:3259: creating ./config.status

## ---------------------- ##
## Running config.status. ##
## ---------------------- ##

This file was extended by Apertium English config.status 0.1.0, which was
generated by GNU Autoconf 2.71.  Invocation command line was

  CONFIG_FILES    = 
  CONFIG_HEADERS  = 
  CONFIG_LINKS    = 
  CONFIG_COMMANDS = 
  $ ./config.status 

on himanshus-MacBook-Air.local

config.status:779: creating Makefile
config.status:779: creating apertium-eng.pc

## ---------------- ##
## Cache variables. ##
## ---------------- ##

ac_cv_env_APERTIUM_CFLAGS_set=
ac_cv_env_APERTIUM_CFLAGS_value=
ac_cv_env_APERTIUM_LIBS_set=
ac_cv_env_APERTIUM_LIBS_value=
ac_cv_env_CG3_CFLAGS_set=
ac_cv_env_CG3_CFLAGS_value=
ac_cv_env_CG3_LIBS_set=
ac_cv_env_CG3_LIBS_value=
ac_cv_env_LTTOOLBOX_CFLAGS_set=
ac_cv_env_LTTOOLBOX_CFLAGS_value=
ac_cv_env_LTTOOLBOX_LIBS_set=
ac_cv_env_LTTOOLBOX_LIBS_value=
ac_cv_env_PKG_CONFIG_LIBDIR_set=
ac_cv_env_PKG_CONFIG_LIBDIR_value=
ac_cv_env_PKG_CONFIG_PATH_set=set
ac_cv_env_PKG_CONFIG_PATH_value=/usr/local/lib/pkgconfig:/usr/local/share/pkgconfig:/usr/local/lib/pkgconfig:/usr/local/share/pkgconfig:
ac_cv_env_PKG_CONFIG_set=
ac_cv_env_PKG_CONFIG_value=
ac_cv_env_REGTEST_CFLAGS_set=
ac_cv_env_REGTEST_CFLAGS_value=
ac_cv_env_REGTEST_LIBS_set=
ac_cv_env_REGTEST_LIBS_value=
ac_cv_env_build_alias_set=
ac_cv_env_build_alias_value=
ac_cv_env_host_alias_set=
ac_cv_env_host_alias_value=
ac_cv_env_target_alias_set=
ac_cv_env_target_alias_value=
ac_cv_path_ac_pt_PKG_CONFIG=/opt/homebrew/bin/pkg-config
ac_cv_path_install='/usr/bin/install -c'
ac_cv_prog_AWK=gawk
ac_cv_prog_make_make_set=yes
am_cv_make_support_nested_variables=yes
pkg_cv_APERTIUM_CFLAGS='-I/usr/local/include/apertium-3.8 -I/usr/local/lib/apertium-3.8/include'
pkg_cv_APERTIUM_LIBS='-L/usr/local/lib -lapertium3'
pkg_cv_CG3_CFLAGS=-I/usr/local/include/
pkg_cv_CG3_LIBS='-L/usr/local/lib -lcg3'
pkg_cv_LTTOOLBOX_CFLAGS=-I/usr/local/include/lttoolbox-3.6
pkg_cv_LTTOOLBOX_LIBS='-L/usr/local/lib -llttoolbox3'
pkg_cv_REGTEST_CFLAGS=
pkg_cv_REGTEST_LIBS=

## ----------------- ##
## Output variables. ##
## ----------------- ##

ACLOCAL='${SHELL} '\''/Users/himanshu/GSOC/Apertium_MT/apertium-eng/missing'\'' aclocal-1.16'
AMTAR='$${TAR-tar}'
AM_BACKSLASH='\'
AM_DEFAULT_V='$(AM_DEFAULT_VERBOSITY)'
AM_DEFAULT_VERBOSITY='1'
AM_V='$(V)'
APERTIUM_CFLAGS='-I/usr/local/include/apertium-3.8 -I/usr/local/lib/apertium-3.8/include'
APERTIUM_LIBS='-L/usr/local/lib -lapertium3'
AUTOCONF='${SHELL} '\''/Users/himanshu/GSOC/Apertium_MT/apertium-eng/missing'\'' autoconf'
AUTOHEADER='${SHELL} '\''/Users/himanshu/GSOC/Apertium_MT/apertium-eng/missing'\'' autoheader'
AUTOMAKE='${SHELL} '\''/Users/himanshu/GSOC/Apertium_MT/apertium-eng/missing'\'' automake-1.16'
AWK='gawk'
CG3_CFLAGS='-I/usr/local/include/'
CG3_LIBS='-L/usr/local/lib -lcg3'
CSCOPE='cscope'
CTAGS='ctags'
CYGPATH_W='echo'
DEFS='-DPACKAGE_NAME=\"Apertium\ English\" -DPACKAGE_TARNAME=\"apertium-eng\" -DPACKAGE_VERSION=\"0.1.0\" -DPACKAGE_STRING=\"Apertium\ English\ 0.1.0\" -DPACKAGE_BUGREPORT=\"apertium-stuff@lists.sourceforge.net\" -DPACKAGE_URL=\"https://wiki.apertium.org/wiki/Apertium-eng\" -DPACKAGE=\"apertium-eng\" -DVERSION=\"0.1.0\"'
ECHO_C='\c'
ECHO_N=''
ECHO_T=''
ETAGS='etags'
INSTALL_DATA='${INSTALL} -m 644'
INSTALL_PROGRAM='${INSTALL}'
INSTALL_SCRIPT='${INSTALL}'
INSTALL_STRIP_PROGRAM='$(install_sh) -c -s'
LIBOBJS=''
LIBS=''
LTLIBOBJS=''
LTTOOLBOX_CFLAGS='-I/usr/local/include/lttoolbox-3.6'
LTTOOLBOX_LIBS='-L/usr/local/lib -llttoolbox3'
MAKEINFO='${SHELL} '\''/Users/himanshu/GSOC/Apertium_MT/apertium-eng/missing'\'' makeinfo'
MKDIR_P='./install-sh -c -d'
PACKAGE='apertium-eng'
PACKAGE_BUGREPORT='apertium-stuff@lists.sourceforge.net'
PACKAGE_NAME='Apertium English'
PACKAGE_STRING='Apertium English 0.1.0'
PACKAGE_TARNAME='apertium-eng'
PACKAGE_URL='https://wiki.apertium.org/wiki/Apertium-eng'
PACKAGE_VERSION='0.1.0'
PATH_SEPARATOR=':'
PKG_CONFIG='/opt/homebrew/bin/pkg-config'
PKG_CONFIG_LIBDIR=''
PKG_CONFIG_PATH='/usr/local/lib/pkgconfig:/usr/local/share/pkgconfig:/usr/local/lib/pkgconfig:/usr/local/share/pkgconfig:'
REGTEST_CFLAGS=''
REGTEST_LIBS=''
SET_MAKE=''
SHELL='/bin/sh'
STRIP=''
VERSION='0.1.0'
am__isrc=''
am__leading_dot='.'
am__tar='$${TAR-tar} chof - "$$tardir"'
am__untar='$${TAR-tar} xf -'
bindir='${exec_prefix}/bin'
build_alias=''
datadir='${datarootdir}'
datarootdir='${prefix}/share'
docdir='${datarootdir}/doc/${PACKAGE_TARNAME}'
dvidir='${docdir}'
exec_prefix='${prefix}'
host_alias=''
htmldir='${docdir}'
includedir='${prefix}/include'
infodir='${datarootdir}/info'
install_sh='${SHELL} /Users/himanshu/GSOC/Apertium_MT/apertium-eng/install-sh'
libdir='${exec_prefix}/lib'
libexecdir='${exec_prefix}/libexec'
localedir='${datarootdir}/locale'
localstatedir='${prefix}/var'
mandir='${datarootdir}/man'
mkdir_p='$(MKDIR_P)'
oldincludedir='/usr/include'
pdfdir='${docdir}'
prefix='/usr/local'
program_transform_name='s,x,x,'
psdir='${docdir}'
runstatedir='${localstatedir}/run'
sbindir='${exec_prefix}/sbin'
sharedstatedir='${prefix}/com'
sysconfdir='${prefix}/etc'
target_alias=''

## ------------------- ##
## File substitutions. ##
## ------------------- ##

ap_include='./ap_include.am'

## ----------- ##
## confdefs.h. ##
## ----------- ##

/* confdefs.h */
#define PACKAGE_NAME "Apertium English"
#define PACKAGE_TARNAME "apertium-eng"
#define PACKAGE_VERSION "0.1.0"
#define PACKAGE_STRING "Apertium English 0.1.0"
#define PACKAGE_BUGREPORT "apertium-stuff@lists.sourceforge.net"
#define PACKAGE_URL "https://wiki.apertium.org/wiki/Apertium-eng"
#define PACKAGE "apertium-eng"
#define VERSION "0.1.0"

configure: exit 0
